

Started GET "/" for 127.0.0.1 at 2014-04-03 12:04:20 -0300
Processing by Rails::WelcomeController#index as HTML
  Rendered /Users/codus/.rvm/gems/ruby-2.1.1@codus_templates/gems/railties-4.1.0.rc2/lib/rails/templates/rails/welcome/index.html.erb (3.2ms)
Completed 200 OK in 9ms (Views: 8.5ms | ActiveRecord: 0.0ms)


Started GET "/assets/ace_admin_init.css?body=1" for 127.0.0.1 at 2014-04-03 12:04:27 -0300

ActionController::RoutingError (No route matches [GET] "/assets/ace_admin_init.css"):
  actionpack (4.1.0.rc2) lib/action_dispatch/middleware/debug_exceptions.rb:21:in `call'
  actionpack (4.1.0.rc2) lib/action_dispatch/middleware/show_exceptions.rb:30:in `call'
  railties (4.1.0.rc2) lib/rails/rack/logger.rb:38:in `call_app'
  railties (4.1.0.rc2) lib/rails/rack/logger.rb:20:in `block in call'
  activesupport (4.1.0.rc2) lib/active_support/tagged_logging.rb:68:in `block in tagged'
  activesupport (4.1.0.rc2) lib/active_support/tagged_logging.rb:26:in `tagged'
  activesupport (4.1.0.rc2) lib/active_support/tagged_logging.rb:68:in `tagged'
  railties (4.1.0.rc2) lib/rails/rack/logger.rb:20:in `call'
  actionpack (4.1.0.rc2) lib/action_dispatch/middleware/request_id.rb:21:in `call'
  rack (1.5.2) lib/rack/methodoverride.rb:21:in `call'
  rack (1.5.2) lib/rack/runtime.rb:17:in `call'
  activesupport (4.1.0.rc2) lib/active_support/cache/strategy/local_cache_middleware.rb:26:in `call'
  rack (1.5.2) lib/rack/lock.rb:17:in `call'
  actionpack (4.1.0.rc2) lib/action_dispatch/middleware/static.rb:64:in `call'
  rack (1.5.2) lib/rack/sendfile.rb:112:in `call'
  railties (4.1.0.rc2) lib/rails/engine.rb:515:in `call'
  railties (4.1.0.rc2) lib/rails/application.rb:142:in `call'
  rack (1.5.2) lib/rack/lock.rb:17:in `call'
  rack (1.5.2) lib/rack/content_length.rb:14:in `call'
  rack (1.5.2) lib/rack/handler/webrick.rb:60:in `service'
  /Users/codus/.rvm/rubies/ruby-2.1.1/lib/ruby/2.1.0/webrick/httpserver.rb:138:in `service'
  /Users/codus/.rvm/rubies/ruby-2.1.1/lib/ruby/2.1.0/webrick/httpserver.rb:94:in `run'
  /Users/codus/.rvm/rubies/ruby-2.1.1/lib/ruby/2.1.0/webrick/server.rb:295:in `block in start_thread'


  Rendered /Users/codus/.rvm/gems/ruby-2.1.1@codus_templates/gems/actionpack-4.1.0.rc2/lib/action_dispatch/middleware/templates/rescues/_trace.html.erb (1.2ms)
  Rendered /Users/codus/.rvm/gems/ruby-2.1.1@codus_templates/gems/actionpack-4.1.0.rc2/lib/action_dispatch/middleware/templates/routes/_table.html.erb (26.5ms)
  Rendered /Users/codus/.rvm/gems/ruby-2.1.1@codus_templates/gems/actionpack-4.1.0.rc2/lib/action_dispatch/middleware/templates/rescues/routing_error.html.erb within rescues/layout (38.6ms)


Started GET "/assets/init_ace_admin1.css" for 127.0.0.1 at 2014-04-03 12:04:41 -0300


Started GET "/assets/ace_admin/init1.css" for 127.0.0.1 at 2014-04-03 12:05:14 -0300


Started GET "/assets/ace_admin/init2.css" for 127.0.0.1 at 2014-04-03 12:05:17 -0300


Started GET "/assets/ace_admin/ini32.css" for 127.0.0.1 at 2014-04-03 12:05:33 -0300

ActionController::RoutingError (No route matches [GET] "/assets/ace_admin/ini32.css"):
  actionpack (4.1.0.rc2) lib/action_dispatch/middleware/debug_exceptions.rb:21:in `call'
  actionpack (4.1.0.rc2) lib/action_dispatch/middleware/show_exceptions.rb:30:in `call'
  railties (4.1.0.rc2) lib/rails/rack/logger.rb:38:in `call_app'
  railties (4.1.0.rc2) lib/rails/rack/logger.rb:20:in `block in call'
  activesupport (4.1.0.rc2) lib/active_support/tagged_logging.rb:68:in `block in tagged'
  activesupport (4.1.0.rc2) lib/active_support/tagged_logging.rb:26:in `tagged'
  activesupport (4.1.0.rc2) lib/active_support/tagged_logging.rb:68:in `tagged'
  railties (4.1.0.rc2) lib/rails/rack/logger.rb:20:in `call'
  actionpack (4.1.0.rc2) lib/action_dispatch/middleware/request_id.rb:21:in `call'
  rack (1.5.2) lib/rack/methodoverride.rb:21:in `call'
  rack (1.5.2) lib/rack/runtime.rb:17:in `call'
  activesupport (4.1.0.rc2) lib/active_support/cache/strategy/local_cache_middleware.rb:26:in `call'
  rack (1.5.2) lib/rack/lock.rb:17:in `call'
  actionpack (4.1.0.rc2) lib/action_dispatch/middleware/static.rb:64:in `call'
  rack (1.5.2) lib/rack/sendfile.rb:112:in `call'
  railties (4.1.0.rc2) lib/rails/engine.rb:515:in `call'
  railties (4.1.0.rc2) lib/rails/application.rb:142:in `call'
  rack (1.5.2) lib/rack/lock.rb:17:in `call'
  rack (1.5.2) lib/rack/content_length.rb:14:in `call'
  rack (1.5.2) lib/rack/handler/webrick.rb:60:in `service'
  /Users/codus/.rvm/rubies/ruby-2.1.1/lib/ruby/2.1.0/webrick/httpserver.rb:138:in `service'
  /Users/codus/.rvm/rubies/ruby-2.1.1/lib/ruby/2.1.0/webrick/httpserver.rb:94:in `run'
  /Users/codus/.rvm/rubies/ruby-2.1.1/lib/ruby/2.1.0/webrick/server.rb:295:in `block in start_thread'


  Rendered /Users/codus/.rvm/gems/ruby-2.1.1@codus_templates/gems/actionpack-4.1.0.rc2/lib/action_dispatch/middleware/templates/rescues/_trace.html.erb (1.1ms)
  Rendered /Users/codus/.rvm/gems/ruby-2.1.1@codus_templates/gems/actionpack-4.1.0.rc2/lib/action_dispatch/middleware/templates/routes/_table.html.erb (1.1ms)
  Rendered /Users/codus/.rvm/gems/ruby-2.1.1@codus_templates/gems/actionpack-4.1.0.rc2/lib/action_dispatch/middleware/templates/rescues/routing_error.html.erb within rescues/layout (9.9ms)


Started GET "/assets/ace_admin/ini3.css" for 127.0.0.1 at 2014-04-03 12:05:36 -0300

ActionController::RoutingError (No route matches [GET] "/assets/ace_admin/ini3.css"):
  actionpack (4.1.0.rc2) lib/action_dispatch/middleware/debug_exceptions.rb:21:in `call'
  actionpack (4.1.0.rc2) lib/action_dispatch/middleware/show_exceptions.rb:30:in `call'
  railties (4.1.0.rc2) lib/rails/rack/logger.rb:38:in `call_app'
  railties (4.1.0.rc2) lib/rails/rack/logger.rb:20:in `block in call'
  activesupport (4.1.0.rc2) lib/active_support/tagged_logging.rb:68:in `block in tagged'
  activesupport (4.1.0.rc2) lib/active_support/tagged_logging.rb:26:in `tagged'
  activesupport (4.1.0.rc2) lib/active_support/tagged_logging.rb:68:in `tagged'
  railties (4.1.0.rc2) lib/rails/rack/logger.rb:20:in `call'
  actionpack (4.1.0.rc2) lib/action_dispatch/middleware/request_id.rb:21:in `call'
  rack (1.5.2) lib/rack/methodoverride.rb:21:in `call'
  rack (1.5.2) lib/rack/runtime.rb:17:in `call'
  activesupport (4.1.0.rc2) lib/active_support/cache/strategy/local_cache_middleware.rb:26:in `call'
  rack (1.5.2) lib/rack/lock.rb:17:in `call'
  actionpack (4.1.0.rc2) lib/action_dispatch/middleware/static.rb:64:in `call'
  rack (1.5.2) lib/rack/sendfile.rb:112:in `call'
  railties (4.1.0.rc2) lib/rails/engine.rb:515:in `call'
  railties (4.1.0.rc2) lib/rails/application.rb:142:in `call'
  rack (1.5.2) lib/rack/lock.rb:17:in `call'
  rack (1.5.2) lib/rack/content_length.rb:14:in `call'
  rack (1.5.2) lib/rack/handler/webrick.rb:60:in `service'
  /Users/codus/.rvm/rubies/ruby-2.1.1/lib/ruby/2.1.0/webrick/httpserver.rb:138:in `service'
  /Users/codus/.rvm/rubies/ruby-2.1.1/lib/ruby/2.1.0/webrick/httpserver.rb:94:in `run'
  /Users/codus/.rvm/rubies/ruby-2.1.1/lib/ruby/2.1.0/webrick/server.rb:295:in `block in start_thread'


  Rendered /Users/codus/.rvm/gems/ruby-2.1.1@codus_templates/gems/actionpack-4.1.0.rc2/lib/action_dispatch/middleware/templates/rescues/_trace.html.erb (1.2ms)
  Rendered /Users/codus/.rvm/gems/ruby-2.1.1@codus_templates/gems/actionpack-4.1.0.rc2/lib/action_dispatch/middleware/templates/routes/_table.html.erb (1.2ms)
  Rendered /Users/codus/.rvm/gems/ruby-2.1.1@codus_templates/gems/actionpack-4.1.0.rc2/lib/action_dispatch/middleware/templates/rescues/routing_error.html.erb within rescues/layout (9.7ms)


Started GET "/assets/ace_admin/ini2.css" for 127.0.0.1 at 2014-04-03 12:05:39 -0300

ActionController::RoutingError (No route matches [GET] "/assets/ace_admin/ini2.css"):
  actionpack (4.1.0.rc2) lib/action_dispatch/middleware/debug_exceptions.rb:21:in `call'
  actionpack (4.1.0.rc2) lib/action_dispatch/middleware/show_exceptions.rb:30:in `call'
  railties (4.1.0.rc2) lib/rails/rack/logger.rb:38:in `call_app'
  railties (4.1.0.rc2) lib/rails/rack/logger.rb:20:in `block in call'
  activesupport (4.1.0.rc2) lib/active_support/tagged_logging.rb:68:in `block in tagged'
  activesupport (4.1.0.rc2) lib/active_support/tagged_logging.rb:26:in `tagged'
  activesupport (4.1.0.rc2) lib/active_support/tagged_logging.rb:68:in `tagged'
  railties (4.1.0.rc2) lib/rails/rack/logger.rb:20:in `call'
  actionpack (4.1.0.rc2) lib/action_dispatch/middleware/request_id.rb:21:in `call'
  rack (1.5.2) lib/rack/methodoverride.rb:21:in `call'
  rack (1.5.2) lib/rack/runtime.rb:17:in `call'
  activesupport (4.1.0.rc2) lib/active_support/cache/strategy/local_cache_middleware.rb:26:in `call'
  rack (1.5.2) lib/rack/lock.rb:17:in `call'
  actionpack (4.1.0.rc2) lib/action_dispatch/middleware/static.rb:64:in `call'
  rack (1.5.2) lib/rack/sendfile.rb:112:in `call'
  railties (4.1.0.rc2) lib/rails/engine.rb:515:in `call'
  railties (4.1.0.rc2) lib/rails/application.rb:142:in `call'
  rack (1.5.2) lib/rack/lock.rb:17:in `call'
  rack (1.5.2) lib/rack/content_length.rb:14:in `call'
  rack (1.5.2) lib/rack/handler/webrick.rb:60:in `service'
  /Users/codus/.rvm/rubies/ruby-2.1.1/lib/ruby/2.1.0/webrick/httpserver.rb:138:in `service'
  /Users/codus/.rvm/rubies/ruby-2.1.1/lib/ruby/2.1.0/webrick/httpserver.rb:94:in `run'
  /Users/codus/.rvm/rubies/ruby-2.1.1/lib/ruby/2.1.0/webrick/server.rb:295:in `block in start_thread'


  Rendered /Users/codus/.rvm/gems/ruby-2.1.1@codus_templates/gems/actionpack-4.1.0.rc2/lib/action_dispatch/middleware/templates/rescues/_trace.html.erb (1.1ms)
  Rendered /Users/codus/.rvm/gems/ruby-2.1.1@codus_templates/gems/actionpack-4.1.0.rc2/lib/action_dispatch/middleware/templates/routes/_table.html.erb (1.1ms)
  Rendered /Users/codus/.rvm/gems/ruby-2.1.1@codus_templates/gems/actionpack-4.1.0.rc2/lib/action_dispatch/middleware/templates/rescues/routing_error.html.erb within rescues/layout (9.9ms)


Started GET "/assets/ace_admin/init2.css" for 127.0.0.1 at 2014-04-03 12:05:41 -0300


Started GET "/assets/ace_admin/init2.css" for 127.0.0.1 at 2014-04-03 12:06:02 -0300


Started GET "/assets/ace_admin/init2.css" for 127.0.0.1 at 2014-04-03 12:06:18 -0300


Started GET "/assets/ace_admin/init2.css" for 127.0.0.1 at 2014-04-03 12:06:25 -0300


Started GET "/assets/ace_admin/init2.css" for 127.0.0.1 at 2014-04-03 12:06:25 -0300


Started GET "/assets/ace_admin/init2.css" for 127.0.0.1 at 2014-04-03 12:06:27 -0300


Started GET "/assets/ace_admin/init1.css" for 127.0.0.1 at 2014-04-03 12:06:30 -0300


Started GET "/assets/ace_admin/init1.css" for 127.0.0.1 at 2014-04-03 12:07:23 -0300


Started GET "/assets/ace_admin/init1.css" for 127.0.0.1 at 2014-04-03 12:07:23 -0300


Started GET "/assets/ace_admin/init1.css" for 127.0.0.1 at 2014-04-03 12:07:34 -0300


Started GET "/assets/ace_admin/init1.css" for 127.0.0.1 at 2014-04-03 12:07:37 -0300


Started GET "/" for 127.0.0.1 at 2014-04-03 12:08:14 -0300
Processing by Rails::WelcomeController#index as HTML
  Rendered /Users/codus/.rvm/gems/ruby-2.1.1@codus_templates/gems/railties-4.1.0.rc2/lib/rails/templates/rails/welcome/index.html.erb (0.1ms)
Completed 200 OK in 2ms (Views: 1.3ms | ActiveRecord: 0.0ms)


Started GET "/" for 127.0.0.1 at 2014-04-03 12:09:18 -0300
Processing by Rails::WelcomeController#index as HTML
  Rendered /Users/codus/.rvm/gems/ruby-2.1.1@codus_templates/gems/railties-4.1.0.rc2/lib/rails/templates/rails/welcome/index.html.erb (0.0ms)
Completed 200 OK in 1ms (Views: 1.2ms | ActiveRecord: 0.0ms)


Started GET "/assets/ace_admin/init1.css" for 127.0.0.1 at 2014-04-03 12:09:21 -0300


Started GET "/assets/ace_admin/init2.css" for 127.0.0.1 at 2014-04-03 12:09:27 -0300


Started GET "/assets/ace_admin/init2.css" for 127.0.0.1 at 2014-04-03 12:09:35 -0300


Started GET "/assets/ace_admin/fontawesome-webfont.svg" for 127.0.0.1 at 2014-04-03 12:12:05 -0300


Started GET "/assets/ace_admin/fontawesome-webfont.svg" for 127.0.0.1 at 2014-04-03 12:12:09 -0300


Started GET "/assets/ace_admin/fontawesome-webfont.svg" for 127.0.0.1 at 2014-04-03 12:12:09 -0300


Started GET "/assets/ace_admin/fontawesome-webfont.svg" for 127.0.0.1 at 2014-04-03 12:12:09 -0300


Started GET "/" for 127.0.0.1 at 2014-04-08 10:17:10 -0300
Processing by Rails::WelcomeController#index as HTML
  Rendered /Users/codus/.rvm/gems/ruby-2.1.1@codus_templates/gems/railties-4.1.0.rc2/lib/rails/templates/rails/welcome/index.html.erb (13.4ms)
Completed 200 OK in 37ms (Views: 36.4ms | ActiveRecord: 0.0ms)


Started GET "/users" for 127.0.0.1 at 2014-04-08 10:17:15 -0300

ActionController::RoutingError (No route matches [GET] "/users"):
  actionpack (4.1.0.rc2) lib/action_dispatch/middleware/debug_exceptions.rb:21:in `call'
  actionpack (4.1.0.rc2) lib/action_dispatch/middleware/show_exceptions.rb:30:in `call'
  railties (4.1.0.rc2) lib/rails/rack/logger.rb:38:in `call_app'
  railties (4.1.0.rc2) lib/rails/rack/logger.rb:20:in `block in call'
  activesupport (4.1.0.rc2) lib/active_support/tagged_logging.rb:68:in `block in tagged'
  activesupport (4.1.0.rc2) lib/active_support/tagged_logging.rb:26:in `tagged'
  activesupport (4.1.0.rc2) lib/active_support/tagged_logging.rb:68:in `tagged'
  railties (4.1.0.rc2) lib/rails/rack/logger.rb:20:in `call'
  actionpack (4.1.0.rc2) lib/action_dispatch/middleware/request_id.rb:21:in `call'
  rack (1.5.2) lib/rack/methodoverride.rb:21:in `call'
  rack (1.5.2) lib/rack/runtime.rb:17:in `call'
  activesupport (4.1.0.rc2) lib/active_support/cache/strategy/local_cache_middleware.rb:26:in `call'
  rack (1.5.2) lib/rack/lock.rb:17:in `call'
  actionpack (4.1.0.rc2) lib/action_dispatch/middleware/static.rb:64:in `call'
  rack (1.5.2) lib/rack/sendfile.rb:112:in `call'
  railties (4.1.0.rc2) lib/rails/engine.rb:515:in `call'
  railties (4.1.0.rc2) lib/rails/application.rb:142:in `call'
  rack (1.5.2) lib/rack/lock.rb:17:in `call'
  rack (1.5.2) lib/rack/content_length.rb:14:in `call'
  rack (1.5.2) lib/rack/handler/webrick.rb:60:in `service'
  /Users/codus/.rvm/rubies/ruby-2.1.1/lib/ruby/2.1.0/webrick/httpserver.rb:138:in `service'
  /Users/codus/.rvm/rubies/ruby-2.1.1/lib/ruby/2.1.0/webrick/httpserver.rb:94:in `run'
  /Users/codus/.rvm/rubies/ruby-2.1.1/lib/ruby/2.1.0/webrick/server.rb:295:in `block in start_thread'


  Rendered /Users/codus/.rvm/gems/ruby-2.1.1@codus_templates/gems/actionpack-4.1.0.rc2/lib/action_dispatch/middleware/templates/rescues/_trace.html.erb (1.3ms)
  Rendered /Users/codus/.rvm/gems/ruby-2.1.1@codus_templates/gems/actionpack-4.1.0.rc2/lib/action_dispatch/middleware/templates/routes/_table.html.erb (39.7ms)
  Rendered /Users/codus/.rvm/gems/ruby-2.1.1@codus_templates/gems/actionpack-4.1.0.rc2/lib/action_dispatch/middleware/templates/rescues/routing_error.html.erb within rescues/layout (89.2ms)
